Flow report for Main
Tue Nov 21 22:45:06 2023
Quartus Prime Version 22.1std.1 Build 917 02/14/2023 SC Lite Edition


---------------------
; Table of Contents ;
---------------------
  1. Legal Notice
  2. Flow Summary
  3. Flow Settings
  4. Flow Non-Default Global Settings
  5. Flow Elapsed Time
  6. Flow OS Summary
  7. Flow Log
  8. Flow Messages
  9. Flow Suppressed Messages



----------------
; Legal Notice ;
----------------
Copyright (C) 2023  Intel Corporation. All rights reserved.
Your use of Intel Corporation's design tools, logic functions 
and other software and tools, and any partner logic 
functions, and any output files from any of the foregoing 
(including device programming or simulation files), and any 
associated documentation or information are expressly subject 
to the terms and conditions of the Intel Program License 
Subscription Agreement, the Intel Quartus Prime License Agreement,
the Intel FPGA IP License Agreement, or other applicable license
agreement, including, without limitation, that your use is for
the sole purpose of programming logic devices manufactured by
Intel and sold by Intel or its authorized distributors.  Please
refer to the applicable agreement for further details, at
https://fpgasoftware.intel.com/eula.



+------------------------------------------------------------------------------+
; Flow Summary                                                                 ;
+-----------------------------+------------------------------------------------+
; Flow Status                 ; Successful - Tue Nov 21 22:45:06 2023          ;
; Quartus Prime Version       ; 22.1std.1 Build 917 02/14/2023 SC Lite Edition ;
; Revision Name               ; Main                                           ;
; Top-level Entity Name       ; Test_Fetch_stage                               ;
; Family                      ; Cyclone V                                      ;
; Device                      ; 5CGXFC7C7F23C8                                 ;
; Timing Models               ; Final                                          ;
; Logic utilization (in ALMs) ; N/A until Partition Merge                      ;
; Total registers             ; N/A until Partition Merge                      ;
; Total pins                  ; N/A until Partition Merge                      ;
; Total virtual pins          ; N/A until Partition Merge                      ;
; Total block memory bits     ; N/A until Partition Merge                      ;
; Total PLLs                  ; N/A until Partition Merge                      ;
; Total DLLs                  ; N/A until Partition Merge                      ;
+-----------------------------+------------------------------------------------+


+-----------------------------------------+
; Flow Settings                           ;
+-------------------+---------------------+
; Option            ; Setting             ;
+-------------------+---------------------+
; Start date & time ; 11/21/2023 22:44:55 ;
; Main task         ; Compilation         ;
; Revision Name     ; Main                ;
+-------------------+---------------------+


+---------------------------------------------------------------------------------------------------------------------------------------------------------------------------------------------------------------------------+
; Flow Non-Default Global Settings                                                                                                                                                                                          ;
+--------------------------------------+-------------------------------------------------------------------------------------------------------+---------------+------------------+-----------------------------------------+
; Assignment Name                      ; Value                                                                                                 ; Default Value ; Entity Name      ; Section Id                              ;
+--------------------------------------+-------------------------------------------------------------------------------------------------------+---------------+------------------+-----------------------------------------+
; COMPILER_SIGNATURE_ID                ; 62375685663606.170062829415804                                                                        ; --            ; --               ; --                                      ;
; EDA_DESIGN_INSTANCE_NAME             ; NA                                                                                                    ; --            ; --               ; Test_Output_byte_handler_RV32I          ;
; EDA_DESIGN_INSTANCE_NAME             ; NA                                                                                                    ; --            ; --               ; Circular_shifter_right_N_byte_test      ;
; EDA_DESIGN_INSTANCE_NAME             ; NA                                                                                                    ; --            ; --               ; Test_Bench_Pipe_Decoder_vP              ;
; EDA_DESIGN_INSTANCE_NAME             ; NA                                                                                                    ; --            ; --               ; Test_Pipe_decode_vP                     ;
; EDA_DESIGN_INSTANCE_NAME             ; NA                                                                                                    ; --            ; --               ; Test_Pipe_execute_vP                    ;
; EDA_DESIGN_INSTANCE_NAME             ; NA                                                                                                    ; --            ; --               ; Test_Bench_Register_N_vP                ;
; EDA_DESIGN_INSTANCE_NAME             ; NA                                                                                                    ; --            ; --               ; Test_Decoder_f7_RV32I                   ;
; EDA_DESIGN_INSTANCE_NAME             ; NA                                                                                                    ; --            ; --               ; Test_Instruction_decoder_RV32I          ;
; EDA_DESIGN_INSTANCE_NAME             ; NA                                                                                                    ; --            ; --               ; Test_Load_store_width_decoder_RV32I     ;
; EDA_DESIGN_INSTANCE_NAME             ; NA                                                                                                    ; --            ; --               ; Test_Bench_Multiplexer_MxN              ;
; EDA_DESIGN_INSTANCE_NAME             ; NA                                                                                                    ; --            ; --               ; Test_Execute_stage                      ;
; EDA_DESIGN_INSTANCE_NAME             ; NA                                                                                                    ; --            ; --               ; Test_Instruction_splitter_RV32I         ;
; EDA_DESIGN_INSTANCE_NAME             ; NA                                                                                                    ; --            ; --               ; Test_Branch_condition_decoder_RV32I     ;
; EDA_DESIGN_INSTANCE_NAME             ; NA                                                                                                    ; --            ; --               ; Test_Bench_DFF_Tri_Latch_vP             ;
; EDA_DESIGN_INSTANCE_NAME             ; NA                                                                                                    ; --            ; --               ; Test_Fetch_stage                        ;
; EDA_DESIGN_INSTANCE_NAME             ; NA                                                                                                    ; --            ; --               ; Test_RV32I_Harvard                      ;
; EDA_DESIGN_INSTANCE_NAME             ; NA                                                                                                    ; --            ; --               ; Test_Bench_Multiplexer_with_enabler_MxN ;
; EDA_DESIGN_INSTANCE_NAME             ; NA                                                                                                    ; --            ; --               ; Test_Bench_Decoder_with_enabler_N       ;
; EDA_DESIGN_INSTANCE_NAME             ; NA                                                                                                    ; --            ; --               ; Test_Comparison_unit_RV32I              ;
; EDA_DESIGN_INSTANCE_NAME             ; NA                                                                                                    ; --            ; --               ; Circular_shifter_left_N_byte_test       ;
; EDA_DESIGN_INSTANCE_NAME             ; NA                                                                                                    ; --            ; --               ; Test_Bench_Register_N_with_enabler_vP   ;
; EDA_DESIGN_INSTANCE_NAME             ; NA                                                                                                    ; --            ; --               ; Test_Bench_Adder_N                      ;
; EDA_DESIGN_INSTANCE_NAME             ; NA                                                                                                    ; --            ; --               ; Test_Input_byte_handler_RV32I           ;
; EDA_DESIGN_INSTANCE_NAME             ; NA                                                                                                    ; --            ; --               ; Test_Hazard_unit_RV32I                  ;
; EDA_DESIGN_INSTANCE_NAME             ; NA                                                                                                    ; --            ; --               ; Test_PC_RV32I_N_vP                      ;
; EDA_DESIGN_INSTANCE_NAME             ; NA                                                                                                    ; --            ; --               ; Test_Bench_Decoder_N                    ;
; EDA_GENERATE_FUNCTIONAL_NETLIST      ; Off                                                                                                   ; --            ; --               ; eda_board_design_timing                 ;
; EDA_GENERATE_FUNCTIONAL_NETLIST      ; Off                                                                                                   ; --            ; --               ; eda_board_design_boundary_scan          ;
; EDA_GENERATE_FUNCTIONAL_NETLIST      ; Off                                                                                                   ; --            ; --               ; eda_board_design_signal_integrity       ;
; EDA_GENERATE_FUNCTIONAL_NETLIST      ; Off                                                                                                   ; --            ; --               ; eda_board_design_symbol                 ;
; EDA_NATIVELINK_SIMULATION_TEST_BENCH ; Test_Fetch_stage                                                                                      ; --            ; --               ; eda_simulation                          ;
; EDA_OUTPUT_DATA_FORMAT               ; Systemverilog Hdl                                                                                     ; --            ; --               ; eda_simulation                          ;
; EDA_SIMULATION_TOOL                  ; ModelSim (SystemVerilog)                                                                              ; <None>        ; --               ; --                                      ;
; EDA_TEST_BENCH_ENABLE_STATUS         ; TEST_BENCH_MODE                                                                                       ; --            ; --               ; eda_simulation                          ;
; EDA_TEST_BENCH_FILE                  ; Modules/RV32I/Test_Output_byte_handler_RV32I.sv                                                       ; --            ; --               ; Test_Output_byte_handler_RV32I          ;
; EDA_TEST_BENCH_FILE                  ; Modules/Memory/IP_Catalog_RAMs/Composed/Circular_shifter_right_N_byte_test.sv                         ; --            ; --               ; Circular_shifter_right_N_byte_test      ;
; EDA_TEST_BENCH_FILE                  ; Modules/RV32I/Test_Pipe_Decoder_vP.sv                                                                 ; --            ; --               ; Test_Bench_Pipe_Decoder_vP              ;
; EDA_TEST_BENCH_FILE                  ; Modules/RV32I/Test_Pipe_decode_vP.sv                                                                  ; --            ; --               ; Test_Pipe_decode_vP                     ;
; EDA_TEST_BENCH_FILE                  ; Modules/RV32I/Test_Pipe_execute_vP.sv                                                                 ; --            ; --               ; Test_Pipe_execute_vP                    ;
; EDA_TEST_BENCH_FILE                  ; Modules/Registers/Test_Register_N_vP.sv                                                               ; --            ; --               ; Test_Bench_Register_N_vP                ;
; EDA_TEST_BENCH_FILE                  ; Modules/RV32I/Test_Decoder_f7_RV32I.sv                                                                ; --            ; --               ; Test_Decoder_f7_RV32I                   ;
; EDA_TEST_BENCH_FILE                  ; Modules/RV32I/Test_Instruction_decoder_RV32I.sv                                                       ; --            ; --               ; Test_Instruction_decoder_RV32I          ;
; EDA_TEST_BENCH_FILE                  ; Modules/RV32I/Test_Load_store_width_decoder_RV32I.sv                                                  ; --            ; --               ; Test_Load_store_width_decoder_RV32I     ;
; EDA_TEST_BENCH_FILE                  ; Modules/Multiplexers/Test_Multiplexer_MxN.sv                                                          ; --            ; --               ; Test_Bench_Multiplexer_MxN              ;
; EDA_TEST_BENCH_FILE                  ; Modules/RV32I/Test_Execute_stage.sv                                                                   ; --            ; --               ; Test_Execute_stage                      ;
; EDA_TEST_BENCH_FILE                  ; Modules/RV32I/Test_Instruction_splitter_RV32I.sv                                                      ; --            ; --               ; Test_Instruction_splitter_RV32I         ;
; EDA_TEST_BENCH_FILE                  ; Modules/RV32I/Test_Branch_condition_decoder_RV32I.sv                                                  ; --            ; --               ; Test_Branch_condition_decoder_RV32I     ;
; EDA_TEST_BENCH_FILE                  ; Modules/Flip Flops/Test_DFF_Tri_Latch_vP.sv                                                           ; --            ; --               ; Test_Bench_DFF_Tri_Latch_vP             ;
; EDA_TEST_BENCH_FILE                  ; Modules/RV32I/Test_Fetch_stage.sv                                                                     ; --            ; --               ; Test_Fetch_stage                        ;
; EDA_TEST_BENCH_FILE                  ; Modules/RV32I/Test_RV32I_Harvard.sv                                                                   ; --            ; --               ; Test_RV32I_Harvard                      ;
; EDA_TEST_BENCH_FILE                  ; Modules/Multiplexers/Test_Multiplexer_with_enabler_MxN.sv                                             ; --            ; --               ; Test_Bench_Multiplexer_with_enabler_MxN ;
; EDA_TEST_BENCH_FILE                  ; Modules/Decoders/Test_Decoder_with_enabler_N.sv                                                       ; --            ; --               ; Test_Bench_Decoder_with_enabler_N       ;
; EDA_TEST_BENCH_FILE                  ; Modules/RV32I/Test_Comparison_unit_RV32I.sv                                                           ; --            ; --               ; Test_Comparison_unit_RV32I              ;
; EDA_TEST_BENCH_FILE                  ; Modules/Memory/IP_Catalog_RAMs/Composed/Circular_shifter_left_N_byte_test.sv                          ; --            ; --               ; Circular_shifter_left_N_byte_test       ;
; EDA_TEST_BENCH_FILE                  ; Modules/Registers/Test_Register_N_with_enabler_vP.sv                                                  ; --            ; --               ; Test_Bench_Register_N_with_enabler_vP   ;
; EDA_TEST_BENCH_FILE                  ; Modules/Integer Arithmetic/Test_Adder_N.sv                                                            ; --            ; --               ; Test_Bench_Adder_N                      ;
; EDA_TEST_BENCH_FILE                  ; Modules/RV32I/Test_Input_byte_handler_RV32I.sv                                                        ; --            ; --               ; Test_Input_byte_handler_RV32I           ;
; EDA_TEST_BENCH_FILE                  ; Modules/RV32I/Test_Hazard_unit_RV32I.sv                                                               ; --            ; --               ; Test_Hazard_unit_RV32I                  ;
; EDA_TEST_BENCH_FILE                  ; Modules/RV32I/Test_PC_RV32I_N_vP.sv                                                                   ; --            ; --               ; Test_PC_RV32I_N_vP                      ;
; EDA_TEST_BENCH_FILE                  ; Modules/Decoders/Test_Decoder_N.sv                                                                    ; --            ; --               ; Test_Bench_Decoder_N                    ;
; EDA_TEST_BENCH_MODULE_NAME           ; Test_Output_byte_handler_RV32I                                                                        ; --            ; --               ; Test_Output_byte_handler_RV32I          ;
; EDA_TEST_BENCH_MODULE_NAME           ; Circular_shifter_right_N_byte_test                                                                    ; --            ; --               ; Circular_shifter_right_N_byte_test      ;
; EDA_TEST_BENCH_MODULE_NAME           ; Test_Bench_Pipe_Decoder_vP                                                                            ; --            ; --               ; Test_Bench_Pipe_Decoder_vP              ;
; EDA_TEST_BENCH_MODULE_NAME           ; Test_Pipe_decode_vP                                                                                   ; --            ; --               ; Test_Pipe_decode_vP                     ;
; EDA_TEST_BENCH_MODULE_NAME           ; Test_Pipe_execute_vP                                                                                  ; --            ; --               ; Test_Pipe_execute_vP                    ;
; EDA_TEST_BENCH_MODULE_NAME           ; Test_Bench_Register_N_vP                                                                              ; --            ; --               ; Test_Bench_Register_N_vP                ;
; EDA_TEST_BENCH_MODULE_NAME           ; Test_Decoder_f7_RV32I                                                                                 ; --            ; --               ; Test_Decoder_f7_RV32I                   ;
; EDA_TEST_BENCH_MODULE_NAME           ; Test_Instruction_decoder_RV32I                                                                        ; --            ; --               ; Test_Instruction_decoder_RV32I          ;
; EDA_TEST_BENCH_MODULE_NAME           ; Test_Load_store_width_decoder_RV32I                                                                   ; --            ; --               ; Test_Load_store_width_decoder_RV32I     ;
; EDA_TEST_BENCH_MODULE_NAME           ; Test_Bench_Multiplexer_MxN                                                                            ; --            ; --               ; Test_Bench_Multiplexer_MxN              ;
; EDA_TEST_BENCH_MODULE_NAME           ; Test_Execute_stage                                                                                    ; --            ; --               ; Test_Execute_stage                      ;
; EDA_TEST_BENCH_MODULE_NAME           ; Test_Instruction_splitter_RV32I                                                                       ; --            ; --               ; Test_Instruction_splitter_RV32I         ;
; EDA_TEST_BENCH_MODULE_NAME           ; Test_Branch_condition_decoder_RV32I                                                                   ; --            ; --               ; Test_Branch_condition_decoder_RV32I     ;
; EDA_TEST_BENCH_MODULE_NAME           ; Test_Bench_DFF_Tri_Latch_vP                                                                           ; --            ; --               ; Test_Bench_DFF_Tri_Latch_vP             ;
; EDA_TEST_BENCH_MODULE_NAME           ; Test_Fetch_stage                                                                                      ; --            ; --               ; Test_Fetch_stage                        ;
; EDA_TEST_BENCH_MODULE_NAME           ; Test_RV32I_Harvard                                                                                    ; --            ; --               ; Test_RV32I_Harvard                      ;
; EDA_TEST_BENCH_MODULE_NAME           ; Test_Bench_Multiplexer_with_enabler_MxN                                                               ; --            ; --               ; Test_Bench_Multiplexer_with_enabler_MxN ;
; EDA_TEST_BENCH_MODULE_NAME           ; Test_Bench_Decoder_with_enabler_N                                                                     ; --            ; --               ; Test_Bench_Decoder_with_enabler_N       ;
; EDA_TEST_BENCH_MODULE_NAME           ; Test_Comparison_unit_RV32I                                                                            ; --            ; --               ; Test_Comparison_unit_RV32I              ;
; EDA_TEST_BENCH_MODULE_NAME           ; Circular_shifter_left_N_byte_test                                                                     ; --            ; --               ; Circular_shifter_left_N_byte_test       ;
; EDA_TEST_BENCH_MODULE_NAME           ; Test_Bench_Register_N_with_enabler_vP                                                                 ; --            ; --               ; Test_Bench_Register_N_with_enabler_vP   ;
; EDA_TEST_BENCH_MODULE_NAME           ; Test_Bench_Adder_N                                                                                    ; --            ; --               ; Test_Bench_Adder_N                      ;
; EDA_TEST_BENCH_MODULE_NAME           ; Test_Input_byte_handler_RV32I                                                                         ; --            ; --               ; Test_Input_byte_handler_RV32I           ;
; EDA_TEST_BENCH_MODULE_NAME           ; Test_Hazard_unit_RV32I                                                                                ; --            ; --               ; Test_Hazard_unit_RV32I                  ;
; EDA_TEST_BENCH_MODULE_NAME           ; Test_PC_RV32I_N_vP                                                                                    ; --            ; --               ; Test_PC_RV32I_N_vP                      ;
; EDA_TEST_BENCH_MODULE_NAME           ; Test_Bench_Decoder_N                                                                                  ; --            ; --               ; Test_Bench_Decoder_N                    ;
; EDA_TEST_BENCH_NAME                  ; Test_Bench_Multiplexer_MxN                                                                            ; --            ; --               ; eda_simulation                          ;
; EDA_TEST_BENCH_NAME                  ; Test_Bench_Register_N_vP                                                                              ; --            ; --               ; eda_simulation                          ;
; EDA_TEST_BENCH_NAME                  ; Test_Bench_Register_N_with_enabler_vP                                                                 ; --            ; --               ; eda_simulation                          ;
; EDA_TEST_BENCH_NAME                  ; Test_Bench_Adder_N                                                                                    ; --            ; --               ; eda_simulation                          ;
; EDA_TEST_BENCH_NAME                  ; Test_Bench_DFF_Tri_Latch_vP                                                                           ; --            ; --               ; eda_simulation                          ;
; EDA_TEST_BENCH_NAME                  ; Test_Bench_Pipe_Decoder_vP                                                                            ; --            ; --               ; eda_simulation                          ;
; EDA_TEST_BENCH_NAME                  ; Test_Bench_Decoder_N                                                                                  ; --            ; --               ; eda_simulation                          ;
; EDA_TEST_BENCH_NAME                  ; Test_Bench_Decoder_with_enabler_N                                                                     ; --            ; --               ; eda_simulation                          ;
; EDA_TEST_BENCH_NAME                  ; Test_Bench_Multiplexer_with_enabler_MxN                                                               ; --            ; --               ; eda_simulation                          ;
; EDA_TEST_BENCH_NAME                  ; Circular_shifter_left_N_byte_test                                                                     ; --            ; --               ; eda_simulation                          ;
; EDA_TEST_BENCH_NAME                  ; Circular_shifter_right_N_byte_test                                                                    ; --            ; --               ; eda_simulation                          ;
; EDA_TEST_BENCH_NAME                  ; Test_RV32I_Harvard                                                                                    ; --            ; --               ; eda_simulation                          ;
; EDA_TEST_BENCH_NAME                  ; Test_Fetch_stage                                                                                      ; --            ; --               ; eda_simulation                          ;
; EDA_TEST_BENCH_NAME                  ; Test_Comparison_unit_RV32I                                                                            ; --            ; --               ; eda_simulation                          ;
; EDA_TEST_BENCH_NAME                  ; Test_Instruction_splitter_RV32I                                                                       ; --            ; --               ; eda_simulation                          ;
; EDA_TEST_BENCH_NAME                  ; Test_Load_store_width_decoder_RV32I                                                                   ; --            ; --               ; eda_simulation                          ;
; EDA_TEST_BENCH_NAME                  ; Test_Instruction_decoder_RV32I                                                                        ; --            ; --               ; eda_simulation                          ;
; EDA_TEST_BENCH_NAME                  ; Test_PC_RV32I_N_vP                                                                                    ; --            ; --               ; eda_simulation                          ;
; EDA_TEST_BENCH_NAME                  ; Test_Branch_condition_decoder_RV32I                                                                   ; --            ; --               ; eda_simulation                          ;
; EDA_TEST_BENCH_NAME                  ; Test_Input_byte_handler_RV32I                                                                         ; --            ; --               ; eda_simulation                          ;
; EDA_TEST_BENCH_NAME                  ; Test_Pipe_execute_vP                                                                                  ; --            ; --               ; eda_simulation                          ;
; EDA_TEST_BENCH_NAME                  ; Test_Output_byte_handler_RV32I                                                                        ; --            ; --               ; eda_simulation                          ;
; EDA_TEST_BENCH_NAME                  ; Test_Execute_stage                                                                                    ; --            ; --               ; eda_simulation                          ;
; EDA_TEST_BENCH_NAME                  ; Test_Hazard_unit_RV32I                                                                                ; --            ; --               ; eda_simulation                          ;
; EDA_TEST_BENCH_NAME                  ; Test_Decoder_f7_RV32I                                                                                 ; --            ; --               ; eda_simulation                          ;
; EDA_TEST_BENCH_NAME                  ; Test_Pipe_decode_vP                                                                                   ; --            ; --               ; eda_simulation                          ;
; EDA_TIME_SCALE                       ; 1 ps                                                                                                  ; --            ; --               ; eda_simulation                          ;
; MAX_CORE_JUNCTION_TEMP               ; 85                                                                                                    ; --            ; --               ; --                                      ;
; MIN_CORE_JUNCTION_TEMP               ; 0                                                                                                     ; --            ; --               ; --                                      ;
; MISC_FILE                            ; Modules/Memory/IP_Catalog_RAMs/Primitive/RAM_1p_8w_16a_8b_from_file/RAM_1p_8w_16a_8b_from_file.bsf    ; --            ; --               ; --                                      ;
; MISC_FILE                            ; Modules/Memory/IP_Catalog_RAMs/Primitive/RAM_1p_8w_16a_8b_from_file/RAM_1p_8w_16a_8b_from_file_inst.v ; --            ; --               ; --                                      ;
; MISC_FILE                            ; Modules/Memory/IP_Catalog_RAMs/Primitive/RAM_1p_8w_16a_8b_from_file/RAM_1p_8w_16a_8b_from_file_bb.v   ; --            ; --               ; --                                      ;
; MISC_FILE                            ; Modules/Memory/IP_Catalog_RAMs/Primitive/RAM_1p_8w_16a_8b_from_file/RAM_1p_8w_16a_8b_from_file.inc    ; --            ; --               ; --                                      ;
; MISC_FILE                            ; Modules/Memory/IP_Catalog_RAMs/Primitive/RAM_1p_8w_16a_8b_from_file/RAM_1p_8w_16a_8b_from_file.cmp    ; --            ; --               ; --                                      ;
; MISC_FILE                            ; Modules/Memory/IP_Catalog_ROMs/Primitive/ROM_1p_32w_8a_32b/ROM_1p_32w_8a_32b.bsf                      ; --            ; --               ; --                                      ;
; MISC_FILE                            ; Modules/Memory/IP_Catalog_ROMs/Primitive/ROM_1p_32w_8a_32b/ROM_1p_32w_8a_32b_inst.v                   ; --            ; --               ; --                                      ;
; MISC_FILE                            ; Modules/Memory/IP_Catalog_ROMs/Primitive/ROM_1p_32w_8a_32b/ROM_1p_32w_8a_32b_bb.v                     ; --            ; --               ; --                                      ;
; MISC_FILE                            ; Modules/Memory/IP_Catalog_ROMs/Primitive/ROM_1p_32w_8a_32b/ROM_1p_32w_8a_32b.inc                      ; --            ; --               ; --                                      ;
; MISC_FILE                            ; Modules/Memory/IP_Catalog_ROMs/Primitive/ROM_1p_32w_8a_32b/ROM_1p_32w_8a_32b.cmp                      ; --            ; --               ; --                                      ;
; MISC_FILE                            ; Modules/Memory/IP_Catalog_RAMs/Primitive/RAM_2p_8w_16a_8b_from_file/RAM_2p_8w_16a_8b_from_file.bsf    ; --            ; --               ; --                                      ;
; MISC_FILE                            ; Modules/Memory/IP_Catalog_RAMs/Primitive/RAM_2p_8w_16a_8b_from_file/RAM_2p_8w_16a_8b_from_file_inst.v ; --            ; --               ; --                                      ;
; MISC_FILE                            ; Modules/Memory/IP_Catalog_RAMs/Primitive/RAM_2p_8w_16a_8b_from_file/RAM_2p_8w_16a_8b_from_file_bb.v   ; --            ; --               ; --                                      ;
; MISC_FILE                            ; Modules/Memory/IP_Catalog_RAMs/Primitive/RAM_2p_8w_16a_8b_from_file/RAM_2p_8w_16a_8b_from_file.inc    ; --            ; --               ; --                                      ;
; MISC_FILE                            ; Modules/Memory/IP_Catalog_RAMs/Primitive/RAM_2p_8w_16a_8b_from_file/RAM_2p_8w_16a_8b_from_file.cmp    ; --            ; --               ; --                                      ;
; PARTITION_COLOR                      ; -- (Not supported for targeted family)                                                                ; --            ; Test_Fetch_stage ; Top                                     ;
; PARTITION_FITTER_PRESERVATION_LEVEL  ; -- (Not supported for targeted family)                                                                ; --            ; Test_Fetch_stage ; Top                                     ;
; PARTITION_NETLIST_TYPE               ; -- (Not supported for targeted family)                                                                ; --            ; Test_Fetch_stage ; Top                                     ;
; POWER_BOARD_THERMAL_MODEL            ; None (CONSERVATIVE)                                                                                   ; --            ; --               ; --                                      ;
; POWER_PRESET_COOLING_SOLUTION        ; 23 MM HEAT SINK WITH 200 LFPM AIRFLOW                                                                 ; --            ; --               ; --                                      ;
; PROJECT_OUTPUT_DIRECTORY             ; output_files                                                                                          ; --            ; --               ; --                                      ;
; TOP_LEVEL_ENTITY                     ; Test_Fetch_stage                                                                                      ; Main          ; --               ; --                                      ;
+--------------------------------------+-------------------------------------------------------------------------------------------------------+---------------+------------------+-----------------------------------------+


+----------------------------------------------------------------------------------------------------------------------------+
; Flow Elapsed Time                                                                                                          ;
+------------------------+--------------+-------------------------+---------------------+------------------------------------+
; Module Name            ; Elapsed Time ; Average Processors Used ; Peak Virtual Memory ; Total CPU Time (on all processors) ;
+------------------------+--------------+-------------------------+---------------------+------------------------------------+
; Analysis & Elaboration ; 00:00:12     ; 1.0                     ; 4796 MB             ; 00:00:29                           ;
; Total                  ; 00:00:12     ; --                      ; --                  ; 00:00:29                           ;
+------------------------+--------------+-------------------------+---------------------+------------------------------------+


+--------------------------------------------------------------------------------------+
; Flow OS Summary                                                                      ;
+------------------------+------------------+------------+------------+----------------+
; Module Name            ; Machine Hostname ; OS Name    ; OS Version ; Processor type ;
+------------------------+------------------+------------+------------+----------------+
; Analysis & Elaboration ; DESKTOP-R1VS61H  ; Windows 10 ; 10.0       ; x86_64         ;
+------------------------+------------------+------------+------------+----------------+


------------
; Flow Log ;
------------
quartus_map --read_settings_files=on --write_settings_files=off Logic_Circuit_Main -c Main --analysis_and_elaboration



