IP Upgrade report for vgaHdmi
Sat Oct 28 00:22:51 2023
Quartus Prime Version 22.1std.2 Build 922 07/20/2023 SC Lite Edition


---------------------
; Table of Contents ;
---------------------
  1. Legal Notice
  2. IP Upgrade Summary
  3. Successfully Upgraded IP Components
  4. IP Upgrade Messages



----------------
; Legal Notice ;
----------------
Copyright (C) 2023  Intel Corporation. All rights reserved.
Your use of Intel Corporation's design tools, logic functions 
and other software and tools, and any partner logic 
functions, and any output files from any of the foregoing 
(including device programming or simulation files), and any 
associated documentation or information are expressly subject 
to the terms and conditions of the Intel Program License 
Subscription Agreement, the Intel Quartus Prime License Agreement,
the Intel FPGA IP License Agreement, or other applicable license
agreement, including, without limitation, that your use is for
the sole purpose of programming logic devices manufactured by
Intel and sold by Intel or its authorized distributors.  Please
refer to the applicable agreement for further details, at
https://fpgasoftware.intel.com/eula.



+-------------------------------------------------------------------------------+
; IP Upgrade Summary                                                            ;
+------------------------------+------------------------------------------------+
; IP Components Upgrade Status ; Passed - Sat Oct 28 00:22:51 2023              ;
; Quartus Prime Version        ; 22.1std.2 Build 922 07/20/2023 SC Lite Edition ;
; Revision Name                ; vgaHdmi                                        ;
; Top-level Entity Name        ; TopModule                                      ;
; Family                       ; Cyclone V                                      ;
+------------------------------+------------------------------------------------+


+---------------------------------------------------------------------------------------------------------------------+
; Successfully Upgraded IP Components                                                                                 ;
+-------------+----------------+---------+----------------------+----------------------+--------------------+---------+
; Entity Name ; Component Name ; Version ; Original Source File ; Generation File Path ; New Source File    ; Message ;
+-------------+----------------+---------+----------------------+----------------------+--------------------+---------+
; pll_25      ; altera_pll     ; 17.0    ; src/pll/pll_25.qip   ; src/pll/pll_25.v     ; src/pll/pll_25.qip ;         ;
+-------------+----------------+---------+----------------------+----------------------+--------------------+---------+


+---------------------+
; IP Upgrade Messages ;
+---------------------+
Info (11902): Backing up file "src/pll/pll_25.v" to "src/pll/pll_25.BAK.v"
Info (11837): Started upgrading IP component altera_pll with file "src/pll/pll_25.v"
Info (11131): Completed upgrading IP component altera_pll with file "src/pll/pll_25.v"
Info (23030): Evaluation of Tcl script /home/jachm/intelFPGA_lite/22.1std/quartus/common/tcl/internal/ip_regen/ip_regen.tcl was successful
Info: Quartus Prime Shell was successful. 0 errors, 0 warnings
    Info: Peak virtual memory: 599 megabytes
    Info: Processing ended: Sat Oct 28 00:22:51 2023
    Info: Elapsed time: 00:00:31
    Info: Total CPU time (on all processors): 00:01:08


