Flow report for vgaHdmi
Wed Nov 22 01:59:11 2023
Quartus Prime Version 22.1std.2 Build 922 07/20/2023 SC Lite Edition


---------------------
; Table of Contents ;
---------------------
  1. Legal Notice
  2. Flow Summary
  3. Flow Settings
  4. Flow Non-Default Global Settings
  5. Flow Elapsed Time
  6. Flow OS Summary
  7. Flow Log
  8. Flow Messages
  9. Flow Suppressed Messages



----------------
; Legal Notice ;
----------------
Copyright (C) 2023  Intel Corporation. All rights reserved.
Your use of Intel Corporation's design tools, logic functions 
and other software and tools, and any partner logic 
functions, and any output files from any of the foregoing 
(including device programming or simulation files), and any 
associated documentation or information are expressly subject 
to the terms and conditions of the Intel Program License 
Subscription Agreement, the Intel Quartus Prime License Agreement,
the Intel FPGA IP License Agreement, or other applicable license
agreement, including, without limitation, that your use is for
the sole purpose of programming logic devices manufactured by
Intel and sold by Intel or its authorized distributors.  Please
refer to the applicable agreement for further details, at
https://fpgasoftware.intel.com/eula.



+------------------------------------------------------------------------------+
; Flow Summary                                                                 ;
+-----------------------------+------------------------------------------------+
; Flow Status                 ; Flow Failed - Wed Nov 22 01:59:11 2023         ;
; Quartus Prime Version       ; 22.1std.2 Build 922 07/20/2023 SC Lite Edition ;
; Revision Name               ; vgaHdmi                                        ;
; Top-level Entity Name       ; TopModule                                      ;
; Family                      ; Cyclone V                                      ;
; Device                      ; 5CSEBA6U23I7                                   ;
; Timing Models               ; Final                                          ;
; Logic utilization (in ALMs) ; N/A until Partition Merge                      ;
; Total registers             ; N/A until Partition Merge                      ;
; Total pins                  ; N/A until Partition Merge                      ;
; Total virtual pins          ; N/A until Partition Merge                      ;
; Total block memory bits     ; N/A until Partition Merge                      ;
; Total PLLs                  ; N/A until Partition Merge                      ;
; Total DLLs                  ; N/A until Partition Merge                      ;
+-----------------------------+------------------------------------------------+


+-----------------------------------------+
; Flow Settings                           ;
+-------------------+---------------------+
; Option            ; Setting             ;
+-------------------+---------------------+
; Start date & time ; 11/22/2023 01:59:02 ;
; Main task         ; Compilation         ;
; Revision Name     ; vgaHdmi             ;
+-------------------+---------------------+


+---------------------------------------------------------------------------------------------------------------------------------------------------------------------------------------------+
; Flow Non-Default Global Settings                                                                                                                                                            ;
+--------------------------------------+-------------------------------------------------------------------------------------------------------+---------------+-------------+----------------+
; Assignment Name                      ; Value                                                                                                 ; Default Value ; Entity Name ; Section Id     ;
+--------------------------------------+-------------------------------------------------------------------------------------------------------+---------------+-------------+----------------+
; COMPILER_SIGNATURE_ID                ; 136520661658780.170063994213558                                                                       ; --            ; --          ; --             ;
; EDA_DESIGN_INSTANCE_NAME             ; NA                                                                                                    ; --            ; --          ; RV32I_Harvard  ;
; EDA_DESIGN_INSTANCE_NAME             ; NA                                                                                                    ; --            ; --          ; TopModule      ;
; EDA_NATIVELINK_SIMULATION_TEST_BENCH ; RV32I_Harvard                                                                                         ; --            ; --          ; eda_simulation ;
; EDA_OUTPUT_DATA_FORMAT               ; Verilog Hdl                                                                                           ; --            ; --          ; eda_simulation ;
; EDA_SIMULATION_TOOL                  ; ModelSim (Verilog)                                                                                    ; <None>        ; --          ; --             ;
; EDA_TEST_BENCH_ENABLE_STATUS         ; TEST_BENCH_MODE                                                                                       ; --            ; --          ; eda_simulation ;
; EDA_TEST_BENCH_FILE                  ; src/RV32I/Test_RV32I_Harvard.sv                                                                       ; --            ; --          ; RV32I_Harvard  ;
; EDA_TEST_BENCH_FILE                  ; src/Test_TopModule.sv                                                                                 ; --            ; --          ; TopModule      ;
; EDA_TEST_BENCH_MODULE_NAME           ; RV32I_Harvard                                                                                         ; --            ; --          ; RV32I_Harvard  ;
; EDA_TEST_BENCH_MODULE_NAME           ; TopModule                                                                                             ; --            ; --          ; TopModule      ;
; EDA_TEST_BENCH_NAME                  ; RV32I_Harvard                                                                                         ; --            ; --          ; eda_simulation ;
; EDA_TEST_BENCH_NAME                  ; TopModule                                                                                             ; --            ; --          ; eda_simulation ;
; EDA_TIME_SCALE                       ; 1 ps                                                                                                  ; --            ; --          ; eda_simulation ;
; MAX_CORE_JUNCTION_TEMP               ; 100                                                                                                   ; --            ; --          ; --             ;
; MIN_CORE_JUNCTION_TEMP               ; -40                                                                                                   ; --            ; --          ; --             ;
; MISC_FILE                            ; src/pll/pll_25.cmp                                                                                    ; --            ; --          ; --             ;
; MISC_FILE                            ; src/Memory/IP_Catalog_RAMs/Primitive/RAM_2rwp_15a_8b_8g_from_file/RAM_2rwp_15a_8b_8g_from_file.bsf    ; --            ; --          ; --             ;
; MISC_FILE                            ; src/Memory/IP_Catalog_RAMs/Primitive/RAM_2rwp_15a_8b_8g_from_file/RAM_2rwp_15a_8b_8g_from_file_inst.v ; --            ; --          ; --             ;
; MISC_FILE                            ; src/Memory/IP_Catalog_RAMs/Primitive/RAM_2rwp_15a_8b_8g_from_file/RAM_2rwp_15a_8b_8g_from_file_bb.v   ; --            ; --          ; --             ;
; MISC_FILE                            ; src/Memory/IP_Catalog_RAMs/Primitive/RAM_2rwp_15a_8b_8g_from_file/RAM_2rwp_15a_8b_8g_from_file.inc    ; --            ; --          ; --             ;
; MISC_FILE                            ; src/Memory/IP_Catalog_RAMs/Primitive/RAM_2rwp_15a_8b_8g_from_file/RAM_2rwp_15a_8b_8g_from_file.cmp    ; --            ; --          ; --             ;
; MISC_FILE                            ; src/Memory/IP_Catalog_ROMs/Primitive/ROM_1p_32w_8a_32b/ROM_1p_32w_8a_32b.bsf                          ; --            ; --          ; --             ;
; MISC_FILE                            ; src/Memory/IP_Catalog_ROMs/Primitive/ROM_1p_32w_8a_32b/ROM_1p_32w_8a_32b_inst.v                       ; --            ; --          ; --             ;
; MISC_FILE                            ; src/Memory/IP_Catalog_ROMs/Primitive/ROM_1p_32w_8a_32b/ROM_1p_32w_8a_32b_bb.v                         ; --            ; --          ; --             ;
; MISC_FILE                            ; src/Memory/IP_Catalog_ROMs/Primitive/ROM_1p_32w_8a_32b/ROM_1p_32w_8a_32b.inc                          ; --            ; --          ; --             ;
; MISC_FILE                            ; src/Memory/IP_Catalog_ROMs/Primitive/ROM_1p_32w_8a_32b/ROM_1p_32w_8a_32b.cmp                          ; --            ; --          ; --             ;
; MISC_FILE                            ; src/Memory/IP_Catalog_ROMs/Primitive/ROM_1p_13a_32g/ROM_1p_13a_32g.bsf                                ; --            ; --          ; --             ;
; MISC_FILE                            ; src/Memory/IP_Catalog_ROMs/Primitive/ROM_1p_13a_32g/ROM_1p_13a_32g_inst.v                             ; --            ; --          ; --             ;
; MISC_FILE                            ; src/Memory/IP_Catalog_ROMs/Primitive/ROM_1p_13a_32g/ROM_1p_13a_32g_bb.v                               ; --            ; --          ; --             ;
; MISC_FILE                            ; src/Memory/IP_Catalog_ROMs/Primitive/ROM_1p_13a_32g/ROM_1p_13a_32g.inc                                ; --            ; --          ; --             ;
; MISC_FILE                            ; src/Memory/IP_Catalog_ROMs/Primitive/ROM_1p_13a_32g/ROM_1p_13a_32g.cmp                                ; --            ; --          ; --             ;
; NUM_PARALLEL_PROCESSORS              ; 1                                                                                                     ; --            ; --          ; --             ;
; PARTITION_COLOR                      ; -- (Not supported for targeted family)                                                                ; --            ; TopModule   ; Top            ;
; PARTITION_FITTER_PRESERVATION_LEVEL  ; -- (Not supported for targeted family)                                                                ; --            ; TopModule   ; Top            ;
; PARTITION_NETLIST_TYPE               ; -- (Not supported for targeted family)                                                                ; --            ; TopModule   ; Top            ;
; POWER_BOARD_THERMAL_MODEL            ; None (CONSERVATIVE)                                                                                   ; --            ; --          ; --             ;
; POWER_PRESET_COOLING_SOLUTION        ; 23 MM HEAT SINK WITH 200 LFPM AIRFLOW                                                                 ; --            ; --          ; --             ;
; PROJECT_OUTPUT_DIRECTORY             ; output_files                                                                                          ; --            ; --          ; --             ;
; SYNTHESIS_ONLY_QIP                   ; On                                                                                                    ; --            ; --          ; --             ;
; TOP_LEVEL_ENTITY                     ; TopModule                                                                                             ; vgaHdmi       ; --          ; --             ;
+--------------------------------------+-------------------------------------------------------------------------------------------------------+---------------+-------------+----------------+


+--------------------------------------------------------------------------------------------------------------------------+
; Flow Elapsed Time                                                                                                        ;
+----------------------+--------------+-------------------------+---------------------+------------------------------------+
; Module Name          ; Elapsed Time ; Average Processors Used ; Peak Virtual Memory ; Total CPU Time (on all processors) ;
+----------------------+--------------+-------------------------+---------------------+------------------------------------+
; Analysis & Synthesis ; 00:00:10     ; 1.0                     ; 527 MB              ; 00:00:27                           ;
; Total                ; 00:00:10     ; --                      ; --                  ; 00:00:27                           ;
+----------------------+--------------+-------------------------+---------------------+------------------------------------+


+------------------------------------------------------------------------------------+
; Flow OS Summary                                                                    ;
+----------------------+------------------+------------+------------+----------------+
; Module Name          ; Machine Hostname ; OS Name    ; OS Version ; Processor type ;
+----------------------+------------------+------------+------------+----------------+
; Analysis & Synthesis ; JACHM-Laptop     ; Linux Mint ; 21         ; x86_64         ;
+----------------------+------------------+------------+------------+----------------+


------------
; Flow Log ;
------------
quartus_map --read_settings_files=on --write_settings_files=off vgaHdmi -c vgaHdmi



